###############################################################################
#                                                                             #
# IAR C/C++ Compiler V1.30.5.50715 for RL78             17/Apr/2014  11:25:51 #
# Copyright 2011-2013 IAR Systems AB.                                         #
# Network license: ece-lic-19.ece.ncsu.edu (STD)                              #
#                                                                             #
#    Core         =  rl78_2                                                   #
#    Code model   =  Near                                                     #
#    Data model   =  Near                                                     #
#                 =                                                           #
#    Source file  =  D:\NCSU\Courses\ECE 561 Embedded System Design\Project   #
#                    3\Project3\Project3\Project3Code\Glyph\Fonts\bitmap_font #
#                    .c                                                       #
#    Command line =  "D:\NCSU\Courses\ECE 561 Embedded System Design\Project  #
#                    3\Project3\Project3\Project3Code\Glyph\Fonts\bitmap_font #
#                    .c" --core rl78_2 --code_model near --data_model near    #
#                    --near_const_location rom0 -o "D:\NCSU\Courses\ECE 561   #
#                    Embedded System Design\Project                           #
#                    3\Project3\Project3\Project3Code\Debug\Obj\"             #
#                    --dlib_config "C:\Program Files (x86)\IAR                #
#                    Systems\Embedded Workbench 6.5\rl78\LIB\dlrl78nn2n.h"    #
#                    -e -Ohs --no_crosscall --debug -lCN                      #
#                    "D:\NCSU\Courses\ECE 561 Embedded System Design\Project  #
#                    3\Project3\Project3\Project3Code\Debug\List\" -I         #
#                    "D:\NCSU\Courses\ECE 561 Embedded System Design\Project  #
#                    3\Project3\Project3\Project3Code/applilet3_src/\" -I     #
#                    "D:\NCSU\Courses\ECE 561 Embedded System Design\Project  #
#                    3\Project3\Project3\Project3Code/Glyph/\" -I             #
#                    "D:\NCSU\Courses\ECE 561 Embedded System Design\Project  #
#                    3\Project3\Project3\Project3Code/Glyph/Drivers/\" -I     #
#                    "D:\NCSU\Courses\ECE 561 Embedded System Design\Project  #
#                    3\Project3\Project3\Project3Code/user_include/\" -I      #
#                    "D:\NCSU\Courses\ECE 561 Embedded System Design\Project  #
#                    3\Project3\Project3\Project3Code/RTC/\"                  #
#                    --no_size_constraints                                    #
#    List file    =  D:\NCSU\Courses\ECE 561 Embedded System Design\Project   #
#                    3\Project3\Project3\Project3Code\Debug\List\bitmap_font. #
#                    lst                                                      #
#    Object file  =  D:\NCSU\Courses\ECE 561 Embedded System Design\Project   #
#                    3\Project3\Project3\Project3Code\Debug\Obj\bitmap_font.r #
#                    87                                                       #
#                                                                             #
#                                                                             #
###############################################################################

D:\NCSU\Courses\ECE 561 Embedded System Design\Project 3\Project3\Project3\Project3Code\Glyph\Fonts\bitmap_font.c
      1          /*-------------------------------------------------------------------------*
      2           * File:  font_bitmap.c
      3           *-------------------------------------------------------------------------*
      4           * Description:
      5           *      Overrides the glyph library bitmap font for custom use
      6           *-------------------------------------------------------------------------*/
      7          
      8          /*--------------------------------------------------------------------------
      9           * Copyright (C) 2011 Future Designs, Inc.
     10           *--------------------------------------------------------------------------
     11           *
     12           *    *===============================================================*
     13           *    |  Future Designs, Inc. can port uEZ(tm) to your own hardware!  |
     14           *    |             We can get you up and running fast!               |
     15           *    |      See http://www.teamfdi.com/uez for more details.         |
     16           *    *===============================================================*
     17           *
     18           *-------------------------------------------------------------------------*/
     19          
     20          // #include <stdint.h>
     21          #include "r_cg_macrodriver.h"
     22          

   \                                 In  segment NEAR_CONST, align 2
     23          const uint8_t Bitmap_RenesasR[] = {
   \                     Bitmap_RenesasR:
   \   000000 1010080C0406          DB 16, 16, 8, 12, 4, 6, 2, 2, 130, 130, 198, 254, 254, 254, 124, 56, 0
   \   000011 000F0F0F0F00          DB 0, 15, 15, 15, 15, 0, 0, 1, 1, 7, 15, 31, 28, 48, 32, 64, 64
     24              16, 16, // width=16, height=16
     25          	0x08, 0x0c, 0x04, 0x06, 0x02, 0x02, 0x82, 0x82, 0xC6, 0xFE, 0xFE, 0xFE, 0x7C, 0x38, 0x00, 0x00,
     26          	0x0F, 0x0F,	0x0F, 0x0F, 0x00, 0x00, 0x01, 0x01, 0x07, 0x0F, 0x1F, 0x1C, 0x30, 0x20, 0x40, 0x40,
     27          };
     28          

   \                                 In  segment NEAR_CONST, align 2
     29          const uint8_t Bitmap_RenesasE[] = {
   \                     Bitmap_RenesasE:
   \   000000 0A10E0F03010          DB 10, 16, 224, 240, 48, 16, 16, 16, 16, 16, 16, 0, 15, 15, 9, 9, 9, 9
   \   000012 09090800              DB 9, 9, 8, 0
     30              10, 16, // width=10, height=16
     31          	0xE0, 0xF0, 0x30, 0x10, 0x10, 0x10, 0x10, 0x10, 0x10, 0x00,
     32           	0x0F, 0x0F, 0x09, 0x09, 0x09, 0x09, 0x09, 0x09, 0x08, 0x00,
     33          };
     34          

   \                                 In  segment NEAR_CONST, align 2
     35          const uint8_t Bitmap_RenesasN[] = {
   \                     Bitmap_RenesasN:
   \   000000 0C10F0F060E0          DB 12, 16, 240, 240, 96, 224, 192, 128, 0, 0, 240, 240, 0, 0, 15, 15, 0
   \   000011 000103070E0F          DB 0, 1, 3, 7, 14, 15, 15, 0, 0
     36              12, 16, // width=12, height=16
     37          	0xF0, 0xF0, 0x60, 0xE0, 0xC0, 0x80, 0x00, 0x00, 0xF0, 0xF0, 0x00, 0x00,
     38          	0x0F, 0x0F, 0x00, 0x00, 0x01, 0x03, 0x07, 0x0E, 0x0F, 0x0F, 0x00, 0x00,
     39          };
     40          

   \                                 In  segment NEAR_CONST, align 2
     41          const uint8_t Bitmap_RenesasS[] = {
   \                     Bitmap_RenesasS:
   \   000000 0A1060F0F090          DB 10, 16, 96, 240, 240, 144, 144, 144, 16, 16, 16, 0, 8, 8, 9, 9, 9
   \   000011 0B0B0F0F06            DB 11, 11, 15, 15, 6
     42              10, 16, // width=10, height=16
     43          	0x60, 0xF0, 0xF0, 0x90, 0x90, 0x90, 0x10, 0x10, 0x10, 0x00,
     44          	0x08, 0x08, 0x09, 0x09, 0x09, 0x0B, 0x0B, 0x0F, 0x0F, 0x06,
     45          };
     46          

   \                                 In  segment NEAR_CONST, align 2
     47          const uint8_t Bitmap_RenesasA[] = {
   \                     Bitmap_RenesasA:
   \   000000 0C10000000C0          DB 12, 16, 0, 0, 0, 192, 224, 48, 112, 240, 192, 0, 0, 0, 8, 12, 15, 3
   \   000012 000808090F0F          DB 0, 8, 8, 9, 15, 15, 14, 8
     48              12, 16, // width=78, height=16
     49          	0x00, 0x00, 0x00, 0xC0, 0xE0, 0x30, 0x70, 0xF0, 0xC0, 0x00, 0x00, 0x00,
     50          	0x08, 0x0C, 0x0F, 0x03, 0x00, 0x08, 0x08, 0x09, 0x0F, 0x0F, 0x0E, 0x08,
     51          };
     52          

   \                                 In  segment NEAR_CONST, align 2
     53          const uint8_t Bitmap_FDI[] = {
   \                     Bitmap_FDI:
   \   000000 08087E8195B1          DB 8, 8, 126, 129, 149, 177, 177, 149, 129, 126
     54              0x08, 0x08, // width=8, height=8
     55              0x7E, 0x81, 0x95, 0xB1, 0xB1, 0x95, 0x81, 0x7E, 
     56          };
     57          

   \                                 In  segment NEAR_CONST, align 2
     58          const uint8_t Bitmap_LoadingBar_Left[] = {
   \                     Bitmap_LoadingBar_Left:
   \   000000 0408187EFF81          DB 4, 8, 24, 126, 255, 129
     59              0x04, 0x08, // width=4, height=8
     60              0x18, 0x7E, 0xFF, 0x81
     61          };
     62          

   \                                 In  segment NEAR_CONST, align 2
     63          const uint8_t Bitmap_LoadingBar_Right[] = {
   \                     Bitmap_LoadingBar_Right:
   \   000000 040881FF7E18          DB 4, 8, 129, 255, 126, 24
     64              0x04, 0x08, // width=4, height=8
     65              0x81, 0xFF, 0x7E, 0x18
     66          };
     67          

   \                                 In  segment NEAR_CONST, align 2
     68          const uint8_t Bitmap_LoadingBar_Empty[] = {
   \                     Bitmap_LoadingBar_Empty:
   \   000000 01088100              DB 1, 8, 129, 0
     69              0x01, 0x08, // width=1, height=8
     70              0x81
     71          };
     72          

   \                                 In  segment NEAR_CONST, align 2
     73          const uint8_t Bitmap_LoadingBar_Fill[] = {
   \                     Bitmap_LoadingBar_Fill:
   \   000000 0108BD00              DB 1, 8, 189, 0
     74              0x01, 0x08, // width=1, height=8
     75              0xBD
     76          };
     77          

   \                                 In  segment NEAR_CONST, align 2
     78          const uint8_t * const Bitmaps_table[256] = {
   \                     Bitmaps_table:
   \   000000 000000000000          DW 0H, 0H, 0H, 0H, 0H, Bitmap_FDI, Bitmap_LoadingBar_Left
   \   00000E ........              DW Bitmap_LoadingBar_Right, Bitmap_LoadingBar_Empty
   \   000012 ....00000000          DW Bitmap_LoadingBar_Fill, 0H, 0H, 0H, 0H, 0H, 0H, 0H, 0H, 0H, 0H, 0H
   \   00002A 000000000000          DW 0H, 0H, 0H, 0H, 0H, 0H, 0H, 0H, 0H, 0H, 0H, 0H, 0H, 0H, 0H, 0H, 0H
   \   00004C 000000000000          DW 0H, 0H, 0H, 0H, 0H, 0H, 0H, 0H, 0H, 0H, 0H, 0H, 0H, 0H, 0H, 0H, 0H
   \   00006E 000000000000          DW 0H, 0H, 0H, 0H, 0H, 0H, 0H, 0H, 0H, 0H, Bitmap_RenesasA, 0H, 0H, 0H
   \   00008A ....00000000          DW Bitmap_RenesasE, 0H, 0H, 0H, 0H, 0H, 0H, 0H, 0H, Bitmap_RenesasN, 0H
   \   0000A0 00000000....          DW 0H, 0H, Bitmap_RenesasR, Bitmap_RenesasS, 0H, 0H, 0H, 0H, 0H, 0H, 0H
   \   0000B6 000000000000          DW 0H, 0H, 0H, 0H, 0H, 0H, 0H, 0H, 0H, 0H, 0H, 0H, 0H, 0H, 0H, 0H, 0H
   \   0000D8 000000000000          DW 0H, 0H, 0H, 0H, 0H, 0H, 0H, 0H, 0H, 0H, 0H, 0H, 0H, 0H, 0H, 0H, 0H
   \   0000FA 000000000000          DW 0H, 0H, 0H, 0H, 0H, 0H, 0H, 0H, 0H, 0H, 0H, 0H, 0H, 0H, 0H, 0H, 0H
   \   00011C 000000000000          DW 0H, 0H, 0H, 0H, 0H, 0H, 0H, 0H, 0H, 0H, 0H, 0H, 0H, 0H, 0H, 0H, 0H
   \   00013E 000000000000          DW 0H, 0H, 0H, 0H, 0H, 0H, 0H, 0H, 0H, 0H, 0H, 0H, 0H, 0H, 0H, 0H, 0H
   \   000160 000000000000          DW 0H, 0H, 0H, 0H, 0H, 0H, 0H, 0H, 0H, 0H, 0H, 0H, 0H, 0H, 0H, 0H, 0H
   \   000182 000000000000          DW 0H, 0H, 0H, 0H, 0H, 0H, 0H, 0H, 0H, 0H, 0H, 0H, 0H, 0H, 0H, 0H, 0H
   \   0001A4 000000000000          DW 0H, 0H, 0H, 0H, 0H, 0H, 0H, 0H, 0H, 0H, 0H, 0H, 0H, 0H, 0H, 0H, 0H
   \   0001C6 000000000000          DW 0H, 0H, 0H, 0H, 0H, 0H, 0H, 0H, 0H, 0H, 0H, 0H, 0H, 0H, 0H, 0H, 0H
   \   0001E8 000000000000          DW 0H, 0H, 0H, 0H, 0H, 0H, 0H, 0H, 0H, 0H
   \   0001FC 00000000              DB 0, 0, 0, 0
     79          	0,
     80          	0,
     81          	0,
     82          	0,
     83          	0,
     84          	Bitmap_FDI,
     85          	Bitmap_LoadingBar_Left,
     86              Bitmap_LoadingBar_Right,
     87              Bitmap_LoadingBar_Empty,
     88              Bitmap_LoadingBar_Fill,
     89              0,
     90              0,
     91          	0,
     92              0,
     93              0,
     94              0,
     95              0,
     96              0,
     97              0,
     98              0,
     99              0,
    100              0,
    101              0,
    102              0,
    103              0,
    104              0,
    105              0,
    106              0,
    107              0,
    108              0,
    109              0,
    110              0,
    111              0,
    112              0,
    113              0,
    114              0,
    115              0,
    116              0,
    117              0,
    118              0,
    119              0,
    120              0,
    121              0,
    122              0,
    123              0,
    124              0,
    125              0,
    126              0,
    127              0,
    128              0,
    129              0,
    130              0,
    131              0,
    132              0,
    133              0,
    134              0,
    135              0,
    136              0,
    137              0,
    138              0,
    139              0,
    140              0,
    141              0,
    142              0,
    143              0,
    144              Bitmap_RenesasA,
    145              0,
    146              0,
    147              0,
    148              Bitmap_RenesasE,
    149              0,
    150              0,
    151              0,
    152              0,
    153              0,
    154              0,
    155              0,
    156              0,
    157              Bitmap_RenesasN,
    158              0,
    159              0,
    160              0,
    161              Bitmap_RenesasR,
    162              Bitmap_RenesasS,
    163              0,
    164              0,
    165              0,
    166              0,
    167              0,
    168              0,
    169              0,
    170              0,
    171              0,
    172              0,
    173              0,
    174              0,
    175              0,
    176              0,
    177              0,
    178              0,
    179              0,
    180              0,
    181              0,
    182              0,
    183              0,
    184              0,
    185              0,
    186              0,
    187              0,
    188              0,
    189              0,
    190              0,
    191              0,
    192              0,
    193              0,
    194              0,
    195              0,
    196              0,
    197              0,
    198              0,
    199              0,
    200              0,
    201              0,
    202              0,
    203              0,
    204              0,
    205              0,
    206              0,
    207              0,
    208              0,
    209              0,
    210              0,
    211              0,
    212              0,
    213              0,
    214              0,
    215              0,
    216              0,
    217              0,
    218              0,
    219              0,
    220              0,
    221              0,
    222              0,
    223              0,
    224              0,
    225              0,
    226              0,
    227              0,
    228              0,
    229              0,
    230              0,
    231              0,
    232              0,
    233              0,
    234              0,
    235              0,
    236              0,
    237              0,
    238              0,
    239              0,
    240              0,
    241              0,
    242              0,
    243              0,
    244              0,
    245              0,
    246              0,
    247              0,
    248              0,
    249              0,
    250              0,
    251              0,
    252              0,
    253              0,
    254              0,
    255              0,
    256              0,
    257              0,
    258              0,
    259              0,
    260              0,
    261              0,
    262              0,
    263              0,
    264              0,
    265              0,
    266              0,
    267              0,
    268              0,
    269              0,
    270              0,
    271              0,
    272              0,
    273              0,
    274              0,
    275              0,
    276              0,
    277              0,
    278              0,
    279              0,
    280              0,
    281              0,
    282              0,
    283              0,
    284              0,
    285              0,
    286              0,
    287              0,
    288              0,
    289              0,
    290              0,
    291              0,
    292              0,
    293              0,
    294              0,
    295              0,
    296              0,
    297              0,
    298              0,
    299              0,
    300              0,
    301              0,
    302              0,
    303              0,
    304              0,
    305              0,
    306              0,
    307              0,
    308              0,
    309              0,
    310              0,
    311              0,
    312              0,
    313              0,
    314              0,
    315              0,
    316              0,
    317              0,
    318              0,
    319              0,
    320              0,
    321              0,
    322              0,
    323              0,
    324              0,
    325              0,
    326              0,
    327              0,
    328              0,
    329              0,
    330              0,
    331              0,
    332              0,
    333          };


   Segment part sizes:

   Bytes  Function/Label
   -----  --------------
      10  Bitmap_FDI
       4  Bitmap_LoadingBar_Empty
       4  Bitmap_LoadingBar_Fill
       6  Bitmap_LoadingBar_Left
       6  Bitmap_LoadingBar_Right
      26  Bitmap_RenesasA
      22  Bitmap_RenesasE
      26  Bitmap_RenesasN
      34  Bitmap_RenesasR
      22  Bitmap_RenesasS
     512  Bitmaps_table

 
 672 bytes in segment NEAR_CONST
 
 672 bytes of CONST memory

Errors: none
Warnings: none
