###############################################################################
#                                                                             #
# IAR C/C++ Compiler V1.30.5.50715 for RL78             17/Apr/2014  11:25:52 #
# Copyright 2011-2013 IAR Systems AB.                                         #
# Network license: ece-lic-19.ece.ncsu.edu (STD)                              #
#                                                                             #
#    Core         =  rl78_2                                                   #
#    Code model   =  Near                                                     #
#    Data model   =  Near                                                     #
#                 =                                                           #
#    Source file  =  D:\NCSU\Courses\ECE 561 Embedded System Design\Project   #
#                    3\Project3\Project3\Project3Code\applilet3_src\r_cg_cgc. #
#                    c                                                        #
#    Command line =  "D:\NCSU\Courses\ECE 561 Embedded System Design\Project  #
#                    3\Project3\Project3\Project3Code\applilet3_src\r_cg_cgc. #
#                    c" --core rl78_2 --code_model near --data_model near     #
#                    --near_const_location rom0 -o "D:\NCSU\Courses\ECE 561   #
#                    Embedded System Design\Project                           #
#                    3\Project3\Project3\Project3Code\Debug\Obj\"             #
#                    --dlib_config "C:\Program Files (x86)\IAR                #
#                    Systems\Embedded Workbench 6.5\rl78\LIB\dlrl78nn2n.h"    #
#                    -e -Ohs --no_crosscall --debug -lCN                      #
#                    "D:\NCSU\Courses\ECE 561 Embedded System Design\Project  #
#                    3\Project3\Project3\Project3Code\Debug\List\" -I         #
#                    "D:\NCSU\Courses\ECE 561 Embedded System Design\Project  #
#                    3\Project3\Project3\Project3Code/applilet3_src/\" -I     #
#                    "D:\NCSU\Courses\ECE 561 Embedded System Design\Project  #
#                    3\Project3\Project3\Project3Code/Glyph/\" -I             #
#                    "D:\NCSU\Courses\ECE 561 Embedded System Design\Project  #
#                    3\Project3\Project3\Project3Code/Glyph/Drivers/\" -I     #
#                    "D:\NCSU\Courses\ECE 561 Embedded System Design\Project  #
#                    3\Project3\Project3\Project3Code/user_include/\" -I      #
#                    "D:\NCSU\Courses\ECE 561 Embedded System Design\Project  #
#                    3\Project3\Project3\Project3Code/RTC/\"                  #
#                    --no_size_constraints                                    #
#    List file    =  D:\NCSU\Courses\ECE 561 Embedded System Design\Project   #
#                    3\Project3\Project3\Project3Code\Debug\List\r_cg_cgc.lst #
#    Object file  =  D:\NCSU\Courses\ECE 561 Embedded System Design\Project   #
#                    3\Project3\Project3\Project3Code\Debug\Obj\r_cg_cgc.r87  #
#                                                                             #
#                                                                             #
###############################################################################

D:\NCSU\Courses\ECE 561 Embedded System Design\Project 3\Project3\Project3\Project3Code\applilet3_src\r_cg_cgc.c
      1          /***********************************************************************************************************************
      2          * DISCLAIMER
      3          * This software is supplied by Renesas Electronics Corporation and is only 
      4          * intended for use with Renesas products. No other uses are authorized. This 
      5          * software is owned by Renesas Electronics Corporation and is protected under 
      6          * all applicable laws, including copyright laws.
      7          * THIS SOFTWARE IS PROVIDED "AS IS" AND RENESAS MAKES NO WARRANTIES REGARDING 
      8          * THIS SOFTWARE, WHETHER EXPRESS, IMPLIED OR STATUTORY, INCLUDING BUT NOT 
      9          * LIMITED TO WARRANTIES OF MERCHANTABILITY, FITNESS FOR A PARTICULAR PURPOSE 
     10          * AND NON-INFRINGEMENT.  ALL SUCH WARRANTIES ARE EXPRESSLY DISCLAIMED.
     11          * TO THE MAXIMUM EXTENT PERMITTED NOT PROHIBITED BY LAW, NEITHER RENESAS 
     12          * ELECTRONICS CORPORATION NOR ANY OF ITS AFFILIATED COMPANIES SHALL BE LIABLE 
     13          * FOR ANY DIRECT, INDIRECT, SPECIAL, INCIDENTAL OR CONSEQUENTIAL DAMAGES FOR 
     14          * ANY REASON RELATED TO THIS SOFTWARE, EVEN IF RENESAS OR ITS AFFILIATES HAVE 
     15          * BEEN ADVISED OF THE POSSIBILITY OF SUCH DAMAGES.
     16          * Renesas reserves the right, without notice, to make changes to this software 
     17          * and to discontinue the availability of this software.  By using this software, 
     18          * you agree to the additional terms and conditions found by accessing the 
     19          * following link:
     20          * http://www.renesas.com/disclaimer
     21          *
     22          * Copyright (C) 2011, 2013 Renesas Electronics Corporation. All rights reserved.
     23          ***********************************************************************************************************************/
     24          
     25          /***********************************************************************************************************************
     26          * File Name    : r_cg_cgc.c
     27          * Version      : Applilet3 for RL78/G14 V2.00.00.08 [12 Apr 2013]
     28          * Device(s)    : R5F104PJ
     29          * Tool-Chain   : IAR Systems iccrl78
     30          * Description  : This file implements device driver for CGC module.
     31          * Creation Date: 4/16/2014
     32          ***********************************************************************************************************************/
     33          
     34          /***********************************************************************************************************************
     35          Includes
     36          ***********************************************************************************************************************/
     37          #include "r_cg_macrodriver.h"

   \                                 In  segment NEAR_A, at 0xfffa0
   \   union <unnamed> volatile __sfr __no_bit_access _A_CMC
   \                     _A_CMC:
   \   000000                       DS 1

   \                                 In  segment NEAR_A, at 0xfffa1
   \   union <unnamed> volatile __sfr _A_CSC
   \                     _A_CSC:
   \   000000                       DS 1

   \                                 In  segment NEAR_A, at 0xfffa4
   \   union <unnamed> volatile __sfr _A_CKC
   \                     _A_CKC:
   \   000000                       DS 1

   \                                 In  segment NEAR_A, at 0xf00f3
   \   union <unnamed> volatile __no_bit_access _A_OSMC
   \                     _A_OSMC:
   \   000000                       DS 1
     38          #include "r_cg_cgc.h"
     39          /* Start user code for include. Do not edit comment generated here */
     40          /* End user code. Do not edit comment generated here */
     41          #include "r_cg_userdefine.h"
     42          
     43          /***********************************************************************************************************************
     44          Global variables and functions
     45          ***********************************************************************************************************************/
     46          /* Start user code for global. Do not edit comment generated here */
     47          /* End user code. Do not edit comment generated here */
     48          
     49          /***********************************************************************************************************************
     50          * Function Name: R_CGC_Create
     51          * Description  : This function initializes the clock generator.
     52          * Arguments    : None
     53          * Return Value : None
     54          ***********************************************************************************************************************/

   \                                 In  segment CODE, align 1, keep-with-next
     55          void R_CGC_Create(void)
   \                     R_CGC_Create:
     56          {
   \   000000 C1                    PUSH      AX                 ;; 1 cycle
     57              volatile uint16_t w_count;
     58          
     59              /* Set fMX */
     60              CMC = _00_CGC_HISYS_PORT | _10_CGC_SUB_OSC | _00_CGC_SYSOSC_DEFAULT | _00_CGC_SUBMODE_LOW;
   \   000001 CEA010                MOV       0xFFFA0, #0x10     ;; 1 cycle
     61              MSTOP = 1U;
   \   000004 717AA1                SET1      0xFFFA1.7          ;; 2 cycles
     62              /* Set fMAIN */
     63              MCM0 = 0U;
   \   000007 714BA4                CLR1      0xFFFA4.4          ;; 2 cycles
     64              /* Set fSUB */
     65              XTSTOP = 0U;
   \   00000A 716BA1                CLR1      0xFFFA1.6          ;; 2 cycles
     66          
     67              /* Change the waiting time according to the system */
     68              for (w_count = 0U; w_count <= CGC_SUBWAITTIME; w_count++)
   \   00000D F6                    CLRW      AX                 ;; 1 cycle
   \   00000E EF04                  BR        S:??R_CGC_Create_0  ;; 3 cycles
   \   000010                       ; * Stack frame (at entry) *
   \   000010                       ; Param size: 0
   \   000010                       ; Auto size: 2
   \   000010                       ; ------------------------------------- Block: 12 cycles
     69              {
     70                  NOP();
   \                     ??R_CGC_Create_1:
   \   000010 00                    NOP                          ;; 1 cycle
     71              }
   \   000011 A800                  MOVW      AX, [SP]           ;; 1 cycle
   \   000013 A1                    INCW      AX                 ;; 1 cycle
   \   000014                       ; ------------------------------------- Block: 3 cycles
   \                     ??R_CGC_Create_0:
   \   000014 B800                  MOVW      [SP], AX           ;; 1 cycle
   \   000016 A800                  MOVW      AX, [SP]           ;; 1 cycle
   \   000018 44A100                CMPW      AX, #0xA1          ;; 1 cycle
   \   00001B DCF3                  BC        ??R_CGC_Create_1   ;; 4 cycles
   \   00001D                       ; ------------------------------------- Block: 7 cycles
     72              
     73              OSMC = _00_CGC_SUBINHALT_ON | _10_CGC_RTC_CLK_FIL;
   \   00001D CFF30010              MOV       0xF3, #0x10        ;; 1 cycle
     74              /* Set fCLK */
     75              CSS = 0U;
   \   000021 716BA4                CLR1      0xFFFA4.6          ;; 2 cycles
     76              /* Set fIH */
     77              HIOSTOP = 0U;
     78          }
   \   000024 1002                  ADDW      SP, #0x2           ;; 1 cycle
   \   000026 710BA1                CLR1      0xFFFA1.0          ;; 2 cycles
   \   000029 D7                    RET                          ;; 6 cycles
   \   00002A                       ; ------------------------------------- Block: 12 cycles
   \   00002A                       ; ------------------------------------- Total: 34 cycles
   \   00002A                       REQUIRE ?CLRL78_V1_0_L00
   \   00002A                       REQUIRE _A_CMC
   \   00002A                       REQUIRE _A_CSC
   \   00002A                       REQUIRE _A_CKC
   \   00002A                       REQUIRE _A_OSMC
     79          
     80          /* Start user code for adding. Do not edit comment generated here */
     81          /* End user code. Do not edit comment generated here */

   Maximum stack usage in bytes:

   CSTACK Function
   ------ --------
      2   R_CGC_Create


   Segment part sizes:

   Bytes  Function/Label
   -----  --------------
      42  R_CGC_Create
       1  _A_CKC
       1  _A_CMC
       1  _A_CSC
       1  _A_OSMC

 
 42 bytes in segment CODE
  4 bytes in segment NEAR_A
 
 42 bytes of CODE memory
  0 bytes of DATA memory (+ 4 bytes shared)

Errors: none
Warnings: none
